<?xml version="1.0" encoding="UTF-8"?>
<!-- Generated by org.testng.reporters.JUnitReportReporter -->
<testsuite hostname="DESKTOP-2NP4J2K" failures="0" tests="1" name="testPackage.tc04_selectAuthor" time="10.834" errors="0" timestamp="2021-11-22T07:38:03 PST" skipped="0">
  <testcase classname="testPackage.tc04_selectAuthor" name="selectAnyAuthor" time="10.834"/>
  <system-out/>
</testsuite> <!-- testPackage.tc04_selectAuthor -->
