<?xml version="1.0" encoding="UTF-8"?>
<!-- Generated by org.testng.reporters.JUnitReportReporter -->
<testsuite hostname="DESKTOP-2NP4J2K" failures="0" tests="1" name="testPackage.tc07_orderComplete" time="12.155" errors="0" timestamp="2021-11-22T07:38:03 PST" skipped="0">
  <testcase classname="testPackage.tc07_orderComplete" name="order_Complete" time="12.155"/>
  <system-out/>
</testsuite> <!-- testPackage.tc07_orderComplete -->
