<?xml version="1.0" encoding="UTF-8"?>
<!-- Generated by org.testng.reporters.JUnitReportReporter -->
<testsuite hostname="DESKTOP-2NP4J2K" failures="0" tests="2" name="testPackage.tc01_visitSite" time="7.882" errors="0" timestamp="2021-11-22T07:38:03 PST" skipped="0">
  <testcase classname="testPackage.tc01_visitSite" name="websiteIsSecure" time="0.030"/>
  <system-out/>
  <testcase classname="testPackage.tc01_visitSite" name="verify_visit_Site" time="7.852"/>
  <system-out/>
</testsuite> <!-- testPackage.tc01_visitSite -->
