<?xml version="1.0" encoding="UTF-8"?>
<!-- Generated by org.testng.reporters.JUnitReportReporter -->
<testsuite hostname="DESKTOP-2NP4J2K" failures="0" tests="1" name="testPackage.tc05_viewBookDetails" time="24.091" errors="0" timestamp="2021-12-05T04:39:49 PST" skipped="0">
  <testcase classname="testPackage.tc05_viewBookDetails" name="bookDetails" time="24.091"/>
  <system-out/>
</testsuite> <!-- testPackage.tc05_viewBookDetails -->
