<?xml version="1.0" encoding="UTF-8"?>
<!-- Generated by org.testng.reporters.JUnitReportReporter -->
<testsuite hostname="DESKTOP-2NP4J2K" failures="0" tests="1" name="utilitiesPackage.verify" time="106.214" errors="0" timestamp="2021-12-09T05:57:30 PST" skipped="0">
  <testcase classname="utilitiesPackage.verify" name="siteVisit" time="106.214"/>
  <system-out/>
</testsuite> <!-- utilitiesPackage.verify -->
